Build started 11/27/2017 7:39:30 PM.
     1>Project "C:\Users\jeevan\Documents\Visual Studio 2012\Projects\program_2_cs307\program_2_cs307.vcxproj" on node 2 (Build target(s)).
     1>ClCompile:
         C:\Program Files (x86)\VC\bin\CL.exe /c /ZI /nologo /W3 /WX- /sdl /Od /Oy- /D WIN32 /D _DEBUG /D _CONSOLE /D _UNICODE /D UNICODE /Gm /EHsc /RTC1 /MDd /GS /fp:precise /Zc:wchar_t /Zc:forScope /Fo"Debug\\" /Fd"Debug\vc110.pdb" /Gd /TP /wd4996 /analyze- /errorReport:prompt AircraftMain.cpp
         AircraftMain.cpp
       Link:
         C:\Program Files (x86)\VC\bin\link.exe /ERRORREPORT:PROMPT /OUT:"C:\Users\jeevan\Documents\Visual Studio 2012\Projects\program_2_cs307\Debug\program_2_cs307.exe" /INCREMENTAL /NOLOGO kernel32.lib user32.lib gdi32.lib winspool.lib comdlg32.lib advapi32.lib shell32.lib ole32.lib oleaut32.lib uuid.lib odbc32.lib odbccp32.lib /MANIFEST /MANIFESTUAC:"level='asInvoker' uiAccess='false'" /manifest:embed /DEBUG /PDB:"C:\Users\jeevan\Documents\Visual Studio 2012\Projects\program_2_cs307\Debug\program_2_cs307.pdb" /SUBSYSTEM:CONSOLE /TLBID:1 /DYNAMICBASE /NXCOMPAT /IMPLIB:"C:\Users\jeevan\Documents\Visual Studio 2012\Projects\program_2_cs307\Debug\program_2_cs307.lib" /MACHINE:X86 Debug\AircraftFactory.obj
         Debug\AircraftMain.obj
         Debug\Aricraft.obj
         Debug\BusinessJet.obj
         Debug\BusinessJetFactory.obj
         Debug\City.obj
         Debug\CityDataParser.obj
         Debug\Flight.obj
         Debug\FlightDataParser.obj
         Debug\PassengerJet.obj
         Debug\PassengerJetFactory.obj
         Debug\Simulation.obj
         Debug\SingleEnginePlane.obj
         Debug\SingleEnginePlaneFactory.obj
         program_2_cs307.vcxproj -> C:\Users\jeevan\Documents\Visual Studio 2012\Projects\program_2_cs307\Debug\program_2_cs307.exe
     1>Done Building Project "C:\Users\jeevan\Documents\Visual Studio 2012\Projects\program_2_cs307\program_2_cs307.vcxproj" (Build target(s)).

Build succeeded.

Time Elapsed 00:00:01.87
