C:\USERS\JEEVAN\DOCUMENTS\VISUAL STUDIO 2012\PROJECTS\PROGRAM_2_CS307\DEBUG\AIRCRAFTFACTORY.OBJ
C:\USERS\JEEVAN\DOCUMENTS\VISUAL STUDIO 2012\PROJECTS\PROGRAM_2_CS307\DEBUG\AIRCRAFTMAIN.OBJ
C:\USERS\JEEVAN\DOCUMENTS\VISUAL STUDIO 2012\PROJECTS\PROGRAM_2_CS307\DEBUG\ARICRAFT.OBJ
C:\USERS\JEEVAN\DOCUMENTS\VISUAL STUDIO 2012\PROJECTS\PROGRAM_2_CS307\DEBUG\BUSINESSJET.OBJ
C:\USERS\JEEVAN\DOCUMENTS\VISUAL STUDIO 2012\PROJECTS\PROGRAM_2_CS307\DEBUG\BUSINESSJETFACTORY.OBJ
C:\USERS\JEEVAN\DOCUMENTS\VISUAL STUDIO 2012\PROJECTS\PROGRAM_2_CS307\DEBUG\CITY.OBJ
C:\USERS\JEEVAN\DOCUMENTS\VISUAL STUDIO 2012\PROJECTS\PROGRAM_2_CS307\DEBUG\CITYDATAPARSER.OBJ
C:\USERS\JEEVAN\DOCUMENTS\VISUAL STUDIO 2012\PROJECTS\PROGRAM_2_CS307\DEBUG\FLIGHT.OBJ
C:\USERS\JEEVAN\DOCUMENTS\VISUAL STUDIO 2012\PROJECTS\PROGRAM_2_CS307\DEBUG\FLIGHTDATAPARSER.OBJ
C:\USERS\JEEVAN\DOCUMENTS\VISUAL STUDIO 2012\PROJECTS\PROGRAM_2_CS307\DEBUG\PASSENGERJET.OBJ
C:\USERS\JEEVAN\DOCUMENTS\VISUAL STUDIO 2012\PROJECTS\PROGRAM_2_CS307\DEBUG\PASSENGERJETFACTORY.OBJ
C:\USERS\JEEVAN\DOCUMENTS\VISUAL STUDIO 2012\PROJECTS\PROGRAM_2_CS307\DEBUG\SINGLEENGINEPLANE.OBJ
C:\USERS\JEEVAN\DOCUMENTS\VISUAL STUDIO 2012\PROJECTS\PROGRAM_2_CS307\DEBUG\SINGLEENGINEPLANEFACTORY.OBJ
C:\USERS\JEEVAN\DOCUMENTS\VISUAL STUDIO 2012\PROJECTS\PROGRAM_2_CS307\DEBUG\VC110.PDB
C:\Users\jeevan\Documents\Visual Studio 2012\Projects\program_2_cs307\Debug\AircraftFactory.obj
C:\Users\jeevan\Documents\Visual Studio 2012\Projects\program_2_cs307\Debug\AircraftMain.obj
C:\Users\jeevan\Documents\Visual Studio 2012\Projects\program_2_cs307\Debug\Aricraft.obj
C:\Users\jeevan\Documents\Visual Studio 2012\Projects\program_2_cs307\Debug\BusinessJet.obj
C:\Users\jeevan\Documents\Visual Studio 2012\Projects\program_2_cs307\Debug\BusinessJetFactory.obj
C:\Users\jeevan\Documents\Visual Studio 2012\Projects\program_2_cs307\Debug\City.obj
C:\Users\jeevan\Documents\Visual Studio 2012\Projects\program_2_cs307\Debug\CityDataParser.obj
C:\Users\jeevan\Documents\Visual Studio 2012\Projects\program_2_cs307\Debug\Flight.obj
C:\Users\jeevan\Documents\Visual Studio 2012\Projects\program_2_cs307\Debug\FlightDataParser.obj
C:\Users\jeevan\Documents\Visual Studio 2012\Projects\program_2_cs307\Debug\PassengerJet.obj
C:\Users\jeevan\Documents\Visual Studio 2012\Projects\program_2_cs307\Debug\PassengerJetFactory.obj
C:\Users\jeevan\Documents\Visual Studio 2012\Projects\program_2_cs307\Debug\SingleEnginePlane.obj
C:\Users\jeevan\Documents\Visual Studio 2012\Projects\program_2_cs307\Debug\SingleEnginePlaneFactory.obj
C:\Users\jeevan\Documents\Visual Studio 2012\Projects\program_2_cs307\Debug\cl.command.1.tlog
C:\Users\jeevan\Documents\Visual Studio 2012\Projects\program_2_cs307\Debug\CL.read.1.tlog
C:\Users\jeevan\Documents\Visual Studio 2012\Projects\program_2_cs307\Debug\CL.write.1.tlog
C:\Users\jeevan\Documents\Visual Studio 2012\Projects\program_2_cs307\Debug\vc110.idb
C:\Users\jeevan\Documents\Visual Studio 2012\Projects\program_2_cs307\Debug\vc110.pdb
